Started GET "/flights.json" for ::1 at 2017-09-13 12:26:15 +1000
  [1m[35m (2.9ms)[0m  [1m[34mSELECT "schema_migrations"."version" FROM "schema_migrations" ORDER BY "schema_migrations"."version" ASC[0m
  
SyntaxError (/Users/jheepark/Projects/GA_coursework/WDIProject2/burningairlines/airlines_server/app/controllers/flights_controller.rb:8: syntax error, unexpected ',', expecting =>
e => :airplane, :reservations, :users)
                              ^
/Users/jheepark/Projects/GA_coursework/WDIProject2/burningairlines/airlines_server/app/controllers/flights_controller.rb:15: syntax error, unexpected ',', expecting =>
de => :airplane, :reservation, :users)
                              ^
/Users/jheepark/Projects/GA_coursework/WDIProject2/burningairlines/airlines_server/app/controllers/flights_controller.rb:77: syntax error, unexpected end-of-input, expecting keyword_end):
  
app/controllers/flights_controller.rb:8: syntax error, unexpected ',', expecting =>
app/controllers/flights_controller.rb:15: syntax error, unexpected ',', expecting =>
app/controllers/flights_controller.rb:77: syntax error, unexpected end-of-input, expecting keyword_end
Started GET "/flights.json" for ::1 at 2017-09-13 12:27:29 +1000
Started GET "/flights.json" for ::1 at 2017-09-13 12:27:40 +1000
  
SyntaxError (/Users/jheepark/Projects/GA_coursework/WDIProject2/burningairlines/airlines_server/app/controllers/flights_controller.rb:8: syntax error, unexpected ':', expecting ')'
o_json(:include => :airplane :reservations :users)
                              ^
/Users/jheepark/Projects/GA_coursework/WDIProject2/burningairlines/airlines_server/app/controllers/flights_controller.rb:8: syntax error, unexpected ')', expecting keyword_end
airplane :reservations :users)
                              ^
/Users/jheepark/Projects/GA_coursework/WDIProject2/burningairlines/airlines_server/app/controllers/flights_controller.rb:15: syntax error, unexpected ':', expecting ')'
to_json(:inlude => :airplane :reservation :users)
                              ^
/Users/jheepark/Projects/GA_coursework/WDIProject2/burningairlines/airlines_server/app/controllers/flights_controller.rb:15: syntax error, unexpected ')', expecting keyword_end
:airplane :reservation :users)
                              ^
/Users/jheepark/Projects/GA_coursework/WDIProject2/burningairlines/airlines_server/app/controllers/flights_controller.rb:77: syntax error, unexpected end-of-input, expecting keyword_end):
  
app/controllers/flights_controller.rb:8: syntax error, unexpected ':', expecting ')'
app/controllers/flights_controller.rb:8: syntax error, unexpected ')', expecting keyword_end
app/controllers/flights_controller.rb:15: syntax error, unexpected ':', expecting ')'
app/controllers/flights_controller.rb:15: syntax error, unexpected ')', expecting keyword_end
app/controllers/flights_controller.rb:77: syntax error, unexpected end-of-input, expecting keyword_end
  
SyntaxError (/Users/jheepark/Projects/GA_coursework/WDIProject2/burningairlines/airlines_server/app/controllers/flights_controller.rb:8: syntax error, unexpected ':', expecting ')'
o_json(:include => :airplane :reservations :users)
                              ^
/Users/jheepark/Projects/GA_coursework/WDIProject2/burningairlines/airlines_server/app/controllers/flights_controller.rb:8: syntax error, unexpected ')', expecting keyword_end
airplane :reservations :users)
                              ^
/Users/jheepark/Projects/GA_coursework/WDIProject2/burningairlines/airlines_server/app/controllers/flights_controller.rb:15: syntax error, unexpected ':', expecting ')'
to_json(:inlude => :airplane :reservation :users)
                              ^
/Users/jheepark/Projects/GA_coursework/WDIProject2/burningairlines/airlines_server/app/controllers/flights_controller.rb:15: syntax error, unexpected ')', expecting keyword_end
:airplane :reservation :users)
                              ^
/Users/jheepark/Projects/GA_coursework/WDIProject2/burningairlines/airlines_server/app/controllers/flights_controller.rb:77: syntax error, unexpected end-of-input, expecting keyword_end):
  
app/controllers/flights_controller.rb:8: syntax error, unexpected ':', expecting ')'
app/controllers/flights_controller.rb:8: syntax error, unexpected ')', expecting keyword_end
app/controllers/flights_controller.rb:15: syntax error, unexpected ':', expecting ')'
app/controllers/flights_controller.rb:15: syntax error, unexpected ')', expecting keyword_end
app/controllers/flights_controller.rb:77: syntax error, unexpected end-of-input, expecting keyword_end
Started GET "/flights.json" for ::1 at 2017-09-13 12:28:17 +1000
  
SyntaxError (/Users/jheepark/Projects/GA_coursework/WDIProject2/burningairlines/airlines_server/app/controllers/flights_controller.rb:8: syntax error, unexpected =>, expecting ')'
_json(:include => :airplane => :reservations => :users)
                              ^
/Users/jheepark/Projects/GA_coursework/WDIProject2/burningairlines/airlines_server/app/controllers/flights_controller.rb:15: syntax error, unexpected =>, expecting ')'
o_json(:inlude => :airplane => :reservation => :users)
                              ^
/Users/jheepark/Projects/GA_coursework/WDIProject2/burningairlines/airlines_server/app/controllers/flights_controller.rb:77: syntax error, unexpected end-of-input, expecting keyword_end):
  
app/controllers/flights_controller.rb:8: syntax error, unexpected =>, expecting ')'
app/controllers/flights_controller.rb:15: syntax error, unexpected =>, expecting ')'
app/controllers/flights_controller.rb:77: syntax error, unexpected end-of-input, expecting keyword_end
Started GET "/flights.json" for ::1 at 2017-09-13 12:28:32 +1000
  
SyntaxError (/Users/jheepark/Projects/GA_coursework/WDIProject2/burningairlines/airlines_server/app/controllers/flights_controller.rb:8: syntax error, unexpected =>, expecting ')'
_json(:include => :airplane => :reservations => :users)
                              ^
/Users/jheepark/Projects/GA_coursework/WDIProject2/burningairlines/airlines_server/app/controllers/flights_controller.rb:15: syntax error, unexpected =>, expecting ')'
_json(:include => :airplane => :reservation => :users)
                              ^
/Users/jheepark/Projects/GA_coursework/WDIProject2/burningairlines/airlines_server/app/controllers/flights_controller.rb:77: syntax error, unexpected end-of-input, expecting keyword_end):
  
app/controllers/flights_controller.rb:8: syntax error, unexpected =>, expecting ')'
app/controllers/flights_controller.rb:15: syntax error, unexpected =>, expecting ')'
app/controllers/flights_controller.rb:77: syntax error, unexpected end-of-input, expecting keyword_end
Started GET "/flights.json" for ::1 at 2017-09-13 12:36:53 +1000
  
SyntaxError (/Users/jheepark/Projects/GA_coursework/WDIProject2/burningairlines/airlines_server/app/controllers/flights_controller.rb:8: syntax error, unexpected ':', expecting ')'
o_json(:include => :airplane :reservations  :users)
                              ^
/Users/jheepark/Projects/GA_coursework/WDIProject2/burningairlines/airlines_server/app/controllers/flights_controller.rb:8: syntax error, unexpected ')', expecting keyword_end
irplane :reservations  :users)
                              ^
/Users/jheepark/Projects/GA_coursework/WDIProject2/burningairlines/airlines_server/app/controllers/flights_controller.rb:15: syntax error, unexpected ':', expecting ')'
o_json(:include => :airplane :reservation :users)
                              ^
/Users/jheepark/Projects/GA_coursework/WDIProject2/burningairlines/airlines_server/app/controllers/flights_controller.rb:15: syntax error, unexpected ')', expecting keyword_end
:airplane :reservation :users)
                              ^
/Users/jheepark/Projects/GA_coursework/WDIProject2/burningairlines/airlines_server/app/controllers/flights_controller.rb:77: syntax error, unexpected end-of-input, expecting keyword_end):
  
app/controllers/flights_controller.rb:8: syntax error, unexpected ':', expecting ')'
app/controllers/flights_controller.rb:8: syntax error, unexpected ')', expecting keyword_end
app/controllers/flights_controller.rb:15: syntax error, unexpected ':', expecting ')'
app/controllers/flights_controller.rb:15: syntax error, unexpected ')', expecting keyword_end
app/controllers/flights_controller.rb:77: syntax error, unexpected end-of-input, expecting keyword_end
Started GET "/flights.json" for ::1 at 2017-09-13 12:40:10 +1000
Processing by FlightsController#index as JSON
  [1m[36mFlight Load (40.1ms)[0m  [1m[34mSELECT "flights".* FROM "flights" ORDER BY "flights"."created_at" DESC[0m
  [1m[36mAirplane Load (19.4ms)[0m  [1m[34mSELECT  "airplanes".* FROM "airplanes" WHERE "airplanes"."id" = $1 LIMIT $2[0m  [["id", 1], ["LIMIT", 1]]
  [1m[36mReservation Load (6.6ms)[0m  [1m[34mSELECT "reservations".* FROM "reservations" WHERE "reservations"."flight_id" = $1[0m  [["flight_id", 1]]
  [1m[36mUser Load (23.5ms)[0m  [1m[34mSELECT "users".* FROM "users" INNER JOIN "reservations" ON "users"."id" = "reservations"."user_id" WHERE "reservations"."flight_id" = $1[0m  [["flight_id", 1]]
Completed 200 OK in 424ms (Views: 0.4ms | ActiveRecord: 218.9ms)


Started GET "/airplane.json" for ::1 at 2017-09-13 12:40:41 +1000
  
ActionController::RoutingError (No route matches [GET] "/airplane.json"):
  
actionpack (5.1.4) lib/action_dispatch/middleware/debug_exceptions.rb:63:in `call'
web-console (3.5.1) lib/web_console/middleware.rb:135:in `call_app'
web-console (3.5.1) lib/web_console/middleware.rb:28:in `block in call'
web-console (3.5.1) lib/web_console/middleware.rb:18:in `catch'
web-console (3.5.1) lib/web_console/middleware.rb:18:in `call'
actionpack (5.1.4) lib/action_dispatch/middleware/show_exceptions.rb:31:in `call'
railties (5.1.4) lib/rails/rack/logger.rb:36:in `call_app'
railties (5.1.4) lib/rails/rack/logger.rb:24:in `block in call'
activesupport (5.1.4) lib/active_support/tagged_logging.rb:69:in `block in tagged'
activesupport (5.1.4) lib/active_support/tagged_logging.rb:26:in `tagged'
activesupport (5.1.4) lib/active_support/tagged_logging.rb:69:in `tagged'
railties (5.1.4) lib/rails/rack/logger.rb:24:in `call'
sprockets-rails (3.2.1) lib/sprockets/rails/quiet_assets.rb:13:in `call'
actionpack (5.1.4) lib/action_dispatch/middleware/remote_ip.rb:79:in `call'
actionpack (5.1.4) lib/action_dispatch/middleware/request_id.rb:25:in `call'
rack (2.0.3) lib/rack/method_override.rb:22:in `call'
rack (2.0.3) lib/rack/runtime.rb:22:in `call'
activesupport (5.1.4) lib/active_support/cache/strategy/local_cache_middleware.rb:27:in `call'
actionpack (5.1.4) lib/action_dispatch/middleware/executor.rb:12:in `call'
actionpack (5.1.4) lib/action_dispatch/middleware/static.rb:125:in `call'
rack (2.0.3) lib/rack/sendfile.rb:111:in `call'
rack-cors (1.0.1) lib/rack/cors.rb:93:in `call'
railties (5.1.4) lib/rails/engine.rb:522:in `call'
puma (3.10.0) lib/puma/configuration.rb:225:in `call'
puma (3.10.0) lib/puma/server.rb:605:in `handle_request'
puma (3.10.0) lib/puma/server.rb:437:in `process_client'
puma (3.10.0) lib/puma/server.rb:301:in `block in run'
puma (3.10.0) lib/puma/thread_pool.rb:120:in `block in spawn_thread'
Started GET "/airplanes.json" for ::1 at 2017-09-13 12:40:46 +1000
Processing by AirplanesController#index as JSON
  [1m[36mAirplane Load (7.3ms)[0m  [1m[34mSELECT "airplanes".* FROM "airplanes" ORDER BY "airplanes"."created_at" DESC[0m
  [1m[36mFlight Load (1.3ms)[0m  [1m[34mSELECT "flights".* FROM "flights" WHERE "flights"."airplane_id" = $1[0m  [["airplane_id", 1]]
Completed 200 OK in 47ms (Views: 0.6ms | ActiveRecord: 9.2ms)


Started GET "/reservations.json" for ::1 at 2017-09-13 12:41:08 +1000
Processing by ReservationsController#index as JSON
  [1m[36mReservation Load (1.1ms)[0m  [1m[34mSELECT "reservations".* FROM "reservations" ORDER BY "reservations"."created_at" DESC[0m
  [1m[36mUser Load (0.5ms)[0m  [1m[34mSELECT  "users".* FROM "users" WHERE "users"."id" = $1 LIMIT $2[0m  [["id", 1], ["LIMIT", 1]]
Completed 500 Internal Server Error in 28ms (ActiveRecord: 1.6ms)


  
NoMethodError (undefined method `reservations' for #<Reservation:0x007fe20d283790>):
  
app/controllers/reservations_controller.rb:8:in `index'
Started GET "/reservations.json" for ::1 at 2017-09-13 12:41:57 +1000
Processing by ReservationsController#index as JSON
  [1m[36mReservation Load (1.0ms)[0m  [1m[34mSELECT "reservations".* FROM "reservations" ORDER BY "reservations"."created_at" DESC[0m
  [1m[36mUser Load (0.6ms)[0m  [1m[34mSELECT  "users".* FROM "users" WHERE "users"."id" = $1 LIMIT $2[0m  [["id", 1], ["LIMIT", 1]]
  [1m[36mFlight Load (0.7ms)[0m  [1m[34mSELECT  "flights".* FROM "flights" WHERE "flights"."id" = $1 LIMIT $2[0m  [["id", 1], ["LIMIT", 1]]
Completed 200 OK in 99ms (Views: 0.6ms | ActiveRecord: 2.3ms)


Started GET "/user.json" for ::1 at 2017-09-13 12:42:11 +1000
  
ActionController::RoutingError (No route matches [GET] "/user.json"):
  
actionpack (5.1.4) lib/action_dispatch/middleware/debug_exceptions.rb:63:in `call'
web-console (3.5.1) lib/web_console/middleware.rb:135:in `call_app'
web-console (3.5.1) lib/web_console/middleware.rb:28:in `block in call'
web-console (3.5.1) lib/web_console/middleware.rb:18:in `catch'
web-console (3.5.1) lib/web_console/middleware.rb:18:in `call'
actionpack (5.1.4) lib/action_dispatch/middleware/show_exceptions.rb:31:in `call'
railties (5.1.4) lib/rails/rack/logger.rb:36:in `call_app'
railties (5.1.4) lib/rails/rack/logger.rb:24:in `block in call'
activesupport (5.1.4) lib/active_support/tagged_logging.rb:69:in `block in tagged'
activesupport (5.1.4) lib/active_support/tagged_logging.rb:26:in `tagged'
activesupport (5.1.4) lib/active_support/tagged_logging.rb:69:in `tagged'
railties (5.1.4) lib/rails/rack/logger.rb:24:in `call'
sprockets-rails (3.2.1) lib/sprockets/rails/quiet_assets.rb:13:in `call'
actionpack (5.1.4) lib/action_dispatch/middleware/remote_ip.rb:79:in `call'
actionpack (5.1.4) lib/action_dispatch/middleware/request_id.rb:25:in `call'
rack (2.0.3) lib/rack/method_override.rb:22:in `call'
rack (2.0.3) lib/rack/runtime.rb:22:in `call'
activesupport (5.1.4) lib/active_support/cache/strategy/local_cache_middleware.rb:27:in `call'
actionpack (5.1.4) lib/action_dispatch/middleware/executor.rb:12:in `call'
actionpack (5.1.4) lib/action_dispatch/middleware/static.rb:125:in `call'
rack (2.0.3) lib/rack/sendfile.rb:111:in `call'
rack-cors (1.0.1) lib/rack/cors.rb:93:in `call'
railties (5.1.4) lib/rails/engine.rb:522:in `call'
puma (3.10.0) lib/puma/configuration.rb:225:in `call'
puma (3.10.0) lib/puma/server.rb:605:in `handle_request'
puma (3.10.0) lib/puma/server.rb:437:in `process_client'
puma (3.10.0) lib/puma/server.rb:301:in `block in run'
puma (3.10.0) lib/puma/thread_pool.rb:120:in `block in spawn_thread'
Started GET "/users.json" for ::1 at 2017-09-13 12:42:16 +1000
Processing by UsersController#index as JSON
  [1m[36mUser Load (1.5ms)[0m  [1m[34mSELECT "users".* FROM "users" ORDER BY "users"."created_at" DESC[0m
  [1m[36mReservation Load (0.6ms)[0m  [1m[34mSELECT "reservations".* FROM "reservations" WHERE "reservations"."user_id" = $1[0m  [["user_id", 1]]
  [1m[36mFlight Load (1.0ms)[0m  [1m[34mSELECT "flights".* FROM "flights" INNER JOIN "reservations" ON "flights"."id" = "reservations"."flight_id" WHERE "reservations"."user_id" = $1[0m  [["user_id", 1]]
Completed 200 OK in 18ms (Views: 0.2ms | ActiveRecord: 3.2ms)


Started GET "/airplanes.json" for ::1 at 2017-09-13 14:10:03 +1000
  [1m[35m (14.3ms)[0m  [1m[34mSELECT "schema_migrations"."version" FROM "schema_migrations" ORDER BY "schema_migrations"."version" ASC[0m
Processing by AirplanesController#index as JSON
  [1m[36mAirplane Load (21.5ms)[0m  [1m[34mSELECT "airplanes".* FROM "airplanes" ORDER BY "airplanes"."created_at" DESC[0m
  [1m[36mFlight Load (11.8ms)[0m  [1m[34mSELECT "flights".* FROM "flights" WHERE "flights"."airplane_id" = $1[0m  [["airplane_id", 1]]
Completed 200 OK in 197ms (Views: 0.4ms | ActiveRecord: 69.7ms)


Started GET "/airplanes.json" for ::1 at 2017-09-13 14:26:24 +1000
  [1m[35m (49.3ms)[0m  [1m[34mSELECT "schema_migrations"."version" FROM "schema_migrations" ORDER BY "schema_migrations"."version" ASC[0m
Processing by AirplanesController#index as JSON
  [1m[36mAirplane Load (25.0ms)[0m  [1m[34mSELECT "airplanes".* FROM "airplanes" ORDER BY "airplanes"."created_at" DESC[0m
  [1m[36mFlight Load (0.8ms)[0m  [1m[34mSELECT "flights".* FROM "flights" WHERE "flights"."airplane_id" = $1[0m  [["airplane_id", 1]]
Completed 200 OK in 408ms (Views: 0.7ms | ActiveRecord: 233.2ms)


Started GET "/airplanes.json" for ::1 at 2017-09-13 14:34:16 +1000
Processing by AirplanesController#index as JSON
  [1m[36mAirplane Load (382.0ms)[0m  [1m[34mSELECT "airplanes".* FROM "airplanes" ORDER BY "airplanes"."created_at" DESC[0m
  [1m[36mFlight Load (32.0ms)[0m  [1m[34mSELECT "flights".* FROM "flights" WHERE "flights"."airplane_id" = $1[0m  [["airplane_id", 1]]
Completed 200 OK in 478ms (Views: 1.0ms | ActiveRecord: 414.1ms)


Started GET "/reservations.json" for ::1 at 2017-09-13 14:34:28 +1000
Processing by ReservationsController#index as JSON
  [1m[36mReservation Load (27.7ms)[0m  [1m[34mSELECT "reservations".* FROM "reservations" ORDER BY "reservations"."created_at" DESC[0m
  [1m[36mUser Load (2.7ms)[0m  [1m[34mSELECT  "users".* FROM "users" WHERE "users"."id" = $1 LIMIT $2[0m  [["id", 1], ["LIMIT", 1]]
  [1m[36mFlight Load (0.6ms)[0m  [1m[34mSELECT  "flights".* FROM "flights" WHERE "flights"."id" = $1 LIMIT $2[0m  [["id", 1], ["LIMIT", 1]]
Completed 200 OK in 578ms (Views: 0.6ms | ActiveRecord: 437.8ms)


Started GET "/users.json" for ::1 at 2017-09-13 14:34:52 +1000
Processing by UsersController#index as JSON
  [1m[36mUser Load (1.6ms)[0m  [1m[34mSELECT "users".* FROM "users" ORDER BY "users"."created_at" DESC[0m
  [1m[36mReservation Load (0.4ms)[0m  [1m[34mSELECT "reservations".* FROM "reservations" WHERE "reservations"."user_id" = $1[0m  [["user_id", 1]]
  [1m[36mFlight Load (7.5ms)[0m  [1m[34mSELECT "flights".* FROM "flights" INNER JOIN "reservations" ON "flights"."id" = "reservations"."flight_id" WHERE "reservations"."user_id" = $1[0m  [["user_id", 1]]
Completed 200 OK in 128ms (Views: 1.2ms | ActiveRecord: 9.5ms)


Started GET "/flights.json" for ::1 at 2017-09-13 14:35:13 +1000
Processing by FlightsController#index as JSON
  [1m[36mFlight Load (4.0ms)[0m  [1m[34mSELECT "flights".* FROM "flights" ORDER BY "flights"."created_at" DESC[0m
  [1m[36mAirplane Load (0.6ms)[0m  [1m[34mSELECT  "airplanes".* FROM "airplanes" WHERE "airplanes"."id" = $1 LIMIT $2[0m  [["id", 1], ["LIMIT", 1]]
  [1m[36mReservation Load (0.4ms)[0m  [1m[34mSELECT "reservations".* FROM "reservations" WHERE "reservations"."flight_id" = $1[0m  [["flight_id", 1]]
  [1m[36mUser Load (10.1ms)[0m  [1m[34mSELECT "users".* FROM "users" INNER JOIN "reservations" ON "users"."id" = "reservations"."user_id" WHERE "reservations"."flight_id" = $1[0m  [["flight_id", 1]]
Completed 200 OK in 71ms (Views: 4.3ms | ActiveRecord: 15.0ms)


